<?xml version="1.0" encoding="UTF-8"?>
<testng-results ignored="0" total="6" passed="6" failed="0" skipped="0">
  <reporter-output>
  </reporter-output>
  <suite started-at="2023-06-08T12:01:33 IST" name="Suite" finished-at="2023-06-08T12:04:27 IST" duration-ms="173761">
    <groups>
      <group name="cucumber">
        <method signature="AbstractTestNGCucumberTests.runScenario(io.cucumber.testng.PickleWrapper,io.cucumber.testng.FeatureWrapper)[pri:0, instance:testrunner.LoginPage1_TestRunner@759d26fb]" name="runScenario" class="io.cucumber.testng.AbstractTestNGCucumberTests"/>
        <method signature="AbstractTestNGCucumberTests.runScenario(io.cucumber.testng.PickleWrapper,io.cucumber.testng.FeatureWrapper)[pri:0, instance:testrunner.LoginPage2_TestRunner@4a7f959b]" name="runScenario" class="io.cucumber.testng.AbstractTestNGCucumberTests"/>
      </group> <!-- cucumber -->
    </groups>
    <test started-at="2023-06-08T12:01:33 IST" name="Test" finished-at="2023-06-08T12:04:27 IST" duration-ms="173761">
      <class name="testrunner.LoginPage2_TestRunner">
        <test-method is-config="true" signature="setUpClass(org.testng.ITestContext)[pri:0, instance:testrunner.LoginPage2_TestRunner@4a7f959b]" started-at="2023-06-08T12:02:37 IST" name="setUpClass" finished-at="2023-06-08T12:02:37 IST" duration-ms="20" status="PASS">
          <params>
            <param index="0">
              <value>
                <![CDATA[org.testng.TestRunner@40d96578]]>
              </value>
            </param>
          </params>
          <reporter-output>
          </reporter-output>
        </test-method> <!-- setUpClass -->
        <test-method signature="runScenario(io.cucumber.testng.PickleWrapper,io.cucumber.testng.FeatureWrapper)[pri:0, instance:testrunner.LoginPage2_TestRunner@4a7f959b]" started-at="2023-06-08T12:02:37 IST" name="runScenario" description="Runs Cucumber Scenarios" data-provider="scenarios" finished-at="2023-06-08T12:03:35 IST" duration-ms="58715" status="PASS">
          <params>
            <param index="0">
              <value>
                <![CDATA["Verify Unacademy login functionality with valid data"]]>
              </value>
            </param>
            <param index="1">
              <value>
                <![CDATA["Login"]]>
              </value>
            </param>
          </params>
          <reporter-output>
          </reporter-output>
        </test-method> <!-- runScenario -->
        <test-method signature="runScenario(io.cucumber.testng.PickleWrapper,io.cucumber.testng.FeatureWrapper)[pri:0, instance:testrunner.LoginPage2_TestRunner@4a7f959b]" started-at="2023-06-08T12:03:35 IST" name="runScenario" description="Runs Cucumber Scenarios" data-provider="scenarios" finished-at="2023-06-08T12:04:27 IST" duration-ms="51580" status="PASS">
          <params>
            <param index="0">
              <value>
                <![CDATA["Verify Unacademy login functionality with invalid data"]]>
              </value>
            </param>
            <param index="1">
              <value>
                <![CDATA["Login"]]>
              </value>
            </param>
          </params>
          <reporter-output>
          </reporter-output>
        </test-method> <!-- runScenario -->
        <test-method is-config="true" signature="tearDownClass()[pri:0, instance:testrunner.LoginPage2_TestRunner@4a7f959b]" started-at="2023-06-08T12:04:27 IST" name="tearDownClass" finished-at="2023-06-08T12:04:27 IST" duration-ms="19" status="PASS">
          <reporter-output>
          </reporter-output>
        </test-method> <!-- tearDownClass -->
      </class> <!-- testrunner.LoginPage2_TestRunner -->
      <class name="testrunner.LoginPage1_TestRunner">
        <test-method is-config="true" signature="setUpClass(org.testng.ITestContext)[pri:0, instance:testrunner.LoginPage1_TestRunner@759d26fb]" started-at="2023-06-08T12:01:33 IST" name="setUpClass" finished-at="2023-06-08T12:01:34 IST" duration-ms="513" status="PASS">
          <params>
            <param index="0">
              <value>
                <![CDATA[org.testng.TestRunner@40d96578]]>
              </value>
            </param>
          </params>
          <reporter-output>
          </reporter-output>
        </test-method> <!-- setUpClass -->
        <test-method signature="runScenario(io.cucumber.testng.PickleWrapper,io.cucumber.testng.FeatureWrapper)[pri:0, instance:testrunner.LoginPage1_TestRunner@759d26fb]" started-at="2023-06-08T12:01:34 IST" name="runScenario" description="Runs Cucumber Scenarios" data-provider="scenarios" finished-at="2023-06-08T12:01:41 IST" duration-ms="7351" status="PASS">
          <params>
            <param index="0">
              <value>
                <![CDATA["Validate navigation of login page"]]>
              </value>
            </param>
            <param index="1">
              <value>
                <![CDATA["Login1"]]>
              </value>
            </param>
          </params>
          <reporter-output>
          </reporter-output>
        </test-method> <!-- runScenario -->
        <test-method signature="runScenario(io.cucumber.testng.PickleWrapper,io.cucumber.testng.FeatureWrapper)[pri:0, instance:testrunner.LoginPage1_TestRunner@759d26fb]" started-at="2023-06-08T12:01:41 IST" name="runScenario" description="Runs Cucumber Scenarios" data-provider="scenarios" finished-at="2023-06-08T12:01:51 IST" duration-ms="9951" status="PASS">
          <params>
            <param index="0">
              <value>
                <![CDATA["Validate UI of login page"]]>
              </value>
            </param>
            <param index="1">
              <value>
                <![CDATA["Login1"]]>
              </value>
            </param>
          </params>
          <reporter-output>
          </reporter-output>
        </test-method> <!-- runScenario -->
        <test-method signature="runScenario(io.cucumber.testng.PickleWrapper,io.cucumber.testng.FeatureWrapper)[pri:0, instance:testrunner.LoginPage1_TestRunner@759d26fb]" started-at="2023-06-08T12:01:51 IST" name="runScenario" description="Runs Cucumber Scenarios" data-provider="scenarios" finished-at="2023-06-08T12:01:57 IST" duration-ms="6094" status="PASS">
          <params>
            <param index="0">
              <value>
                <![CDATA["Validate login page fields(loginbutton is clikable)"]]>
              </value>
            </param>
            <param index="1">
              <value>
                <![CDATA["Login1"]]>
              </value>
            </param>
          </params>
          <reporter-output>
          </reporter-output>
        </test-method> <!-- runScenario -->
        <test-method signature="runScenario(io.cucumber.testng.PickleWrapper,io.cucumber.testng.FeatureWrapper)[pri:0, instance:testrunner.LoginPage1_TestRunner@759d26fb]" started-at="2023-06-08T12:01:57 IST" name="runScenario" description="Runs Cucumber Scenarios" data-provider="scenarios" finished-at="2023-06-08T12:02:37 IST" duration-ms="39423" status="PASS">
          <params>
            <param index="0">
              <value>
                <![CDATA["Validate login page  Main functionality"]]>
              </value>
            </param>
            <param index="1">
              <value>
                <![CDATA["Login1"]]>
              </value>
            </param>
          </params>
          <reporter-output>
          </reporter-output>
        </test-method> <!-- runScenario -->
        <test-method is-config="true" signature="tearDownClass()[pri:0, instance:testrunner.LoginPage1_TestRunner@759d26fb]" started-at="2023-06-08T12:02:37 IST" name="tearDownClass" finished-at="2023-06-08T12:02:37 IST" duration-ms="57" status="PASS">
          <reporter-output>
          </reporter-output>
        </test-method> <!-- tearDownClass -->
      </class> <!-- testrunner.LoginPage1_TestRunner -->
    </test> <!-- Test -->
  </suite> <!-- Suite -->
</testng-results>
