<?xml version="1.0" encoding="UTF-8"?>
<testsuite xmlns:xsi="http://www.w3.org/2001/XMLSchema-instance" xsi:noNamespaceSchemaLocation="https://maven.apache.org/surefire/maven-surefire-plugin/xsd/surefire-test-report.xsd" name="TestSuite" time="174.386" tests="6" errors="0" skipped="0" failures="0">
  <properties>
[...]
</properties>
  <testcase name="runScenario" classname="testrunner.LoginPage1_TestRunner" time="7.352"/>
  <testcase name="runScenario" classname="testrunner.LoginPage1_TestRunner" time="9.95"/>
  <testcase name="runScenario" classname="testrunner.LoginPage1_TestRunner" time="6.094"/>
  <testcase name="runScenario" classname="testrunner.LoginPage1_TestRunner" time="39.423"/>
  <testcase name="runScenario" classname="testrunner.LoginPage2_TestRunner" time="58.715"/>
  <testcase name="runScenario" classname="testrunner.LoginPage2_TestRunner" time="51.58"/>
</testsuite>